<?xml version="1.0" encoding="UTF-8"?>
<!-- Generated by org.testng.reporters.JUnitReportReporter -->
<testsuite hostname="Jayaram-G" failures="0" tests="1" name="testCases.Test_User_Role" time="4.263" errors="0" timestamp="2024-05-15T02:46:59 IST" skipped="0">
  <testcase classname="testCases.Test_User_Role" name="checkUserRoleStatus" time="4.263"/>
  <system-out/>
</testsuite> <!-- testCases.Test_User_Role -->
