<?xml version="1.0" encoding="UTF-8"?>
<!-- Generated by org.testng.reporters.JUnitReportReporter -->
<testsuite hostname="Jayaram-G" failures="0" tests="4" name="readDataUsingJXL.Login" time="3.831" errors="0" timestamp="2024-05-14T14:12:32 IST" skipped="0">
  <testcase classname="readDataUsingJXL.Login" name="login" time="2.329"/>
  <testcase classname="readDataUsingJXL.Login" name="login" time="0.501"/>
  <testcase classname="readDataUsingJXL.Login" name="login" time="0.499"/>
  <testcase classname="readDataUsingJXL.Login" name="login" time="0.502"/>
</testsuite> <!-- readDataUsingJXL.Login -->
